task name: anaphor_gender_agreement
prune weight: True
prune edge: True
optimize weight completeness: True
optimize edge completeness: True
/home/leiyu/py310/lib/python3.10/site-packages/torch/nn/functional.py:2919: UserWarning: reduction: 'mean' divides the total loss by both the batch size and the support size.'batchmean' divides only by the batch size, and aligns with the KL div math definition.'mean' will be changed to behave the same as 'batchmean' in the next major release.
  warnings.warn(
Epoch 0. mean pruned model eval accuracy: 1.00,mean eval kl-div: 0.0000,weight density: 1.0000,edge density: 1.0000
  0%|                                                                                                              | 0/500 [00:00<?, ?it/s]Weight pruning epoch 1, discovered circuit accuracy: 0.8950, complementary circuit accuracy: 0.7500, KL: 0.0516, weight density: 0.9413, edge density: 1.0000
  0%|▏                                                                                                   | 1/500 [00:08<1:12:27,  8.71s/it]Weight pruning epoch 2, discovered circuit accuracy: 0.9100, complementary circuit accuracy: 0.3150, KL: 0.1038, weight density: 0.7485, edge density: 1.0000
  0%|▍                                                                                                   | 2/500 [00:17<1:12:04,  8.68s/it]Weight pruning epoch 3, discovered circuit accuracy: 0.9450, complementary circuit accuracy: 0.2500, KL: 0.0923, weight density: 0.7133, edge density: 1.0000
  1%|▌                                                                                                   | 3/500 [00:26<1:11:51,  8.68s/it]Weight pruning epoch 4, discovered circuit accuracy: 0.9450, complementary circuit accuracy: 0.2500, KL: 0.0665, weight density: 0.6873, edge density: 1.0000
  1%|▊                                                                                                   | 4/500 [00:34<1:11:39,  8.67s/it]Weight pruning epoch 5, discovered circuit accuracy: 0.9200, complementary circuit accuracy: 0.3100, KL: 0.0982, weight density: 0.6686, edge density: 1.0000
  1%|█                                                                                                   | 5/500 [00:43<1:11:45,  8.70s/it]Weight pruning epoch 6, discovered circuit accuracy: 0.9350, complementary circuit accuracy: 0.6800, KL: 0.0890, weight density: 0.6538, edge density: 1.0000
  1%|█▏                                                                                                  | 6/500 [00:52<1:11:42,  8.71s/it]Weight pruning epoch 7, discovered circuit accuracy: 0.9400, complementary circuit accuracy: 0.6100, KL: 0.0872, weight density: 0.6404, edge density: 1.0000
  1%|█▍                                                                                                  | 7/500 [01:00<1:11:28,  8.70s/it]Weight pruning epoch 8, discovered circuit accuracy: 0.9550, complementary circuit accuracy: 0.5700, KL: 0.0821, weight density: 0.6263, edge density: 1.0000
  2%|█▌                                                                                                  | 8/500 [01:09<1:11:17,  8.69s/it]Weight pruning epoch 9, discovered circuit accuracy: 0.9500, complementary circuit accuracy: 0.2600, KL: 0.0813, weight density: 0.6143, edge density: 1.0000
  2%|█▊                                                                                                  | 9/500 [01:18<1:11:07,  8.69s/it]Weight pruning epoch 10, discovered circuit accuracy: 0.9600, complementary circuit accuracy: 0.2500, KL: 0.0793, weight density: 0.6022, edge density: 1.0000
  2%|█▉                                                                                                 | 10/500 [01:26<1:11:09,  8.71s/it]Weight pruning epoch 11, discovered circuit accuracy: 0.9450, complementary circuit accuracy: 0.2950, KL: 0.0899, weight density: 0.5892, edge density: 1.0000
  2%|██▏                                                                                                | 11/500 [01:35<1:10:58,  8.71s/it]Weight pruning epoch 12, discovered circuit accuracy: 0.9300, complementary circuit accuracy: 0.6350, KL: 0.0911, weight density: 0.5769, edge density: 1.0000
  2%|██▍                                                                                                | 12/500 [01:44<1:10:52,  8.71s/it]Weight pruning epoch 13, discovered circuit accuracy: 0.9500, complementary circuit accuracy: 0.2900, KL: 0.0869, weight density: 0.5645, edge density: 1.0000
  3%|██▌                                                                                                | 13/500 [01:53<1:10:40,  8.71s/it]Weight pruning epoch 14, discovered circuit accuracy: 0.9500, complementary circuit accuracy: 0.3150, KL: 0.0869, weight density: 0.5519, edge density: 1.0000
  3%|██▊                                                                                                | 14/500 [02:01<1:10:20,  8.68s/it]Weight pruning epoch 15, discovered circuit accuracy: 0.9550, complementary circuit accuracy: 0.2500, KL: 0.0878, weight density: 0.5393, edge density: 1.0000
  3%|██▉                                                                                                | 15/500 [02:10<1:10:14,  8.69s/it]Weight pruning epoch 16, discovered circuit accuracy: 0.9600, complementary circuit accuracy: 0.2500, KL: 0.0778, weight density: 0.5262, edge density: 1.0000
  3%|███▏                                                                                               | 16/500 [02:19<1:10:05,  8.69s/it]Weight pruning epoch 17, discovered circuit accuracy: 0.9600, complementary circuit accuracy: 0.3150, KL: 0.0849, weight density: 0.5136, edge density: 1.0000
  3%|███▎                                                                                               | 17/500 [02:27<1:09:43,  8.66s/it]Weight pruning epoch 18, discovered circuit accuracy: 0.9600, complementary circuit accuracy: 0.2500, KL: 0.0833, weight density: 0.5009, edge density: 1.0000
  4%|███▌                                                                                               | 18/500 [02:36<1:09:37,  8.67s/it]Weight pruning epoch 19, discovered circuit accuracy: 0.9650, complementary circuit accuracy: 0.2500, KL: 0.0786, weight density: 0.4885, edge density: 1.0000
  4%|███▊                                                                                               | 19/500 [02:45<1:09:30,  8.67s/it]Weight pruning epoch 20, discovered circuit accuracy: 0.9500, complementary circuit accuracy: 0.2500, KL: 0.0816, weight density: 0.4762, edge density: 1.0000
  4%|███▉                                                                                               | 20/500 [02:53<1:09:18,  8.66s/it]Weight pruning epoch 21, discovered circuit accuracy: 0.9600, complementary circuit accuracy: 0.2500, KL: 0.0842, weight density: 0.4640, edge density: 1.0000
  4%|████▏                                                                                              | 21/500 [03:02<1:09:03,  8.65s/it]Weight pruning epoch 22, discovered circuit accuracy: 0.9550, complementary circuit accuracy: 0.2550, KL: 0.0861, weight density: 0.4516, edge density: 1.0000
  4%|████▎                                                                                              | 22/500 [03:11<1:09:02,  8.67s/it]Weight pruning epoch 23, discovered circuit accuracy: 0.9500, complementary circuit accuracy: 0.3900, KL: 0.0856, weight density: 0.4393, edge density: 1.0000
  5%|████▌                                                                                              | 23/500 [03:19<1:08:45,  8.65s/it]Weight pruning epoch 24, discovered circuit accuracy: 0.9650, complementary circuit accuracy: 0.2750, KL: 0.0802, weight density: 0.4277, edge density: 1.0000
  5%|████▊                                                                                              | 24/500 [03:28<1:08:29,  8.63s/it]Weight pruning epoch 25, discovered circuit accuracy: 0.9500, complementary circuit accuracy: 0.2500, KL: 0.0875, weight density: 0.4160, edge density: 1.0000
  5%|████▉                                                                                              | 25/500 [03:36<1:08:22,  8.64s/it]Weight pruning epoch 26, discovered circuit accuracy: 0.9500, complementary circuit accuracy: 0.3100, KL: 0.0891, weight density: 0.4046, edge density: 1.0000
  5%|█████▏                                                                                             | 26/500 [03:45<1:08:13,  8.64s/it]Weight pruning epoch 27, discovered circuit accuracy: 0.9450, complementary circuit accuracy: 0.3150, KL: 0.0861, weight density: 0.3934, edge density: 1.0000
  5%|█████▎                                                                                             | 27/500 [03:54<1:08:06,  8.64s/it]Weight pruning epoch 28, discovered circuit accuracy: 0.9600, complementary circuit accuracy: 0.3100, KL: 0.0823, weight density: 0.3833, edge density: 1.0000
  6%|█████▌                                                                                             | 28/500 [04:02<1:07:57,  8.64s/it]
Weight pruning epoch 29, discovered circuit accuracy: 0.9500, complementary circuit accuracy: 0.3800, KL: 0.0841, weight density: 0.3733, edge density: 1.0000
  6%|█████▋                                                                                             | 29/500 [04:11<1:07:49,  8.64s/it]Weight pruning epoch 30, discovered circuit accuracy: 0.9600, complementary circuit accuracy: 0.6000, KL: 0.0871, weight density: 0.3639, edge density: 1.0000
  6%|█████▉                                                                                             | 30/500 [04:20<1:07:31,  8.62s/it]

Weight pruning epoch 31, discovered circuit accuracy: 0.9450, complementary circuit accuracy: 0.3000, KL: 0.0791, weight density: 0.3550, edge density: 1.0000
  6%|██████▏                                                                                            | 31/500 [04:28<1:07:24,  8.62s/it]Weight pruning epoch 32, discovered circuit accuracy: 0.9550, complementary circuit accuracy: 0.3100, KL: 0.0848, weight density: 0.3472, edge density: 1.0000
  6%|██████▎                                                                                            | 32/500 [04:37<1:07:16,  8.63s/it]Weight pruning epoch 33, discovered circuit accuracy: 0.9350, complementary circuit accuracy: 0.3100, KL: 0.0905, weight density: 0.3383, edge density: 1.0000
  7%|██████▌                                                                                            | 33/500 [04:45<1:07:08,  8.63s/it]Weight pruning epoch 34, discovered circuit accuracy: 0.9600, complementary circuit accuracy: 0.2500, KL: 0.0836, weight density: 0.3280, edge density: 1.0000
  7%|██████▋                                                                                            | 34/500 [04:54<1:07:13,  8.66s/itWeight pruning epoch 35, discovered circuit accuracy: 0.9500, complementary circuit accuracy: 0.3100, KL: 0.0828, weight density: 0.3178, edge density: 1.0000
  7%|██████▉                                                                                            | 35/500 [05:03<1:07:00,  8.65s/it]Weight pruning epoch 36, discovered circuit accuracy: 0.9400, complementary circuit accuracy: 0.2700, KL: 0.0950, weight density: 0.3082, edge density: 1.0000
  7%|███████▏                                                                                           | 36/500 [05:11<1:06:41,  8.62s/it]Weight pruning epoch 37, discovered circuit accuracy: 0.9450, complementary circuit accuracy: 0.3100, KL: 0.0938, weight density: 0.2980, edge density: 1.0000
  7%|███████▎                                                                                           | 37/500 [05:20<1:06:40,  8.64s/it]Weight pruning epoch 38, discovered circuit accuracy: 0.9350, complementary circuit accuracy: 0.3200, KL: 0.0953, weight density: 0.2883, edge density: 1.0000
  8%|███████▌                                                                                           | 38/500 [05:29<1:06:38,  8.65s/it]Weight pruning epoch 39, discovered circuit accuracy: 0.8950, complementary circuit accuracy: 0.3900, KL: 0.1337, weight density: 0.2804, edge density: 1.0000
  8%|███████▋                                                                                           | 39/500 [05:37<1:06:34,  8.66s/it]Weight pruning epoch 40, discovered circuit accuracy: 0.9400, complementary circuit accuracy: 0.2500, KL: 0.0922, weight density: 0.2756, edge density: 1.0000
  8%|███████▉                                                                                           | 40/500 [05:46<1:06:21,  8.65s/it]Weight pruning epoch 41, discovered circuit accuracy: 0.9450, complementary circuit accuracy: 0.7200, KL: 0.0868, weight density: 0.2669, edge density: 1.0000
  8%|████████                                                                                           | 41/500 [05:55<1:06:16,  8.66s/it]Weight pruning epoch 42, discovered circuit accuracy: 0.9600, complementary circuit accuracy: 0.2500, KL: 0.0822, weight density: 0.2602, edge density: 1.0000
  8%|████████▎                                                                                          | 42/500 [06:03<1:05:56,  8.64s/it]Weight pruning epoch 43, discovered circuit accuracy: 0.9500, complementary circuit accuracy: 0.2500, KL: 0.0939, weight density: 0.2525, edge density: 1.0000
  9%|████████▌                                                                                          | 43/500 [06:12<1:05:46,  8.63s/it]Weight pruning epoch 44, discovered circuit accuracy: 0.9500, complementary circuit accuracy: 0.6750, KL: 0.0869, weight density: 0.2449, edge density: 1.0000
  9%|████████▋                                                                                          | 44/500 [06:21<1:05:44,  8.65s/it]Weight pruning epoch 45, discovered circuit accuracy: 0.9400, complementary circuit accuracy: 0.6700, KL: 0.0831, weight density: 0.2387, edge density: 1.0000
  9%|████████▉                                                                                          | 45/500 [06:29<1:05:30,  8.64s/it]Weight pruning epoch 46, discovered circuit accuracy: 0.9500, complementary circuit accuracy: 0.6900, KL: 0.0829, weight density: 0.2305, edge density: 1.0000
  9%|█████████                                                                                          | 46/500 [06:38<1:05:24,  8.64s/it]Weight pruning epoch 47, discovered circuit accuracy: 0.9450, complementary circuit accuracy: 0.3450, KL: 0.0933, weight density: 0.2245, edge density: 1.0000
  9%|█████████▎                                                                                         | 47/500 [06:47<1:05:14,  8.64s/it]Weight pruning epoch 48, discovered circuit accuracy: 0.9400, complementary circuit accuracy: 0.2900, KL: 0.0935, weight density: 0.2178, edge density: 1.0000
 10%|█████████▌                                                                                         | 48/500 [06:55<1:05:06,  8.64s/it]Weight pruning epoch 49, discovered circuit accuracy: 0.9350, complementary circuit accuracy: 0.2950, KL: 0.0991, weight density: 0.2115, edge density: 1.0000
 10%|█████████▋                                                                                         | 49/500 [07:04<1:05:07,  8.66s/it]Weight pruning epoch 50, discovered circuit accuracy: 0.9650, complementary circuit accuracy: 0.2500, KL: 0.0788, weight density: 0.2059, edge density: 1.0000
 10%|█████████▉                                                                                         | 50/500 [07:13<1:05:05,  8.68s/it]Weight pruning epoch 51, discovered circuit accuracy: 0.9400, complementary circuit accuracy: 0.4900, KL: 0.0829, weight density: 0.2012, edge density: 1.0000
 10%|██████████                                                                                         | 51/500 [07:21<1:04:58,  8.68s/it]Weight pruning epoch 52, discovered circuit accuracy: 0.9400, complementary circuit accuracy: 0.3350, KL: 0.0834, weight density: 0.1956, edge density: 1.0000
 10%|██████████▎                                                                                        | 52/500 [07:30<1:04:46,  8.67s/it]Weight pruning epoch 53, discovered circuit accuracy: 0.9450, complementary circuit accuracy: 0.3100, KL: 0.0867, weight density: 0.1901, edge density: 1.0000
 11%|██████████▍                                                                                        | 53/500 [07:39<1:04:34,  8.67s/it]Weight pruning epoch 54, discovered circuit accuracy: 0.9550, complementary circuit accuracy: 0.6900, KL: 0.0861, weight density: 0.1836, edge density: 1.0000
 11%|██████████▋                                                                                        | 54/500 [07:47<1:04:14,  8.64s/it]Weight pruning epoch 55, discovered circuit accuracy: 0.9400, complementary circuit accuracy: 0.2500, KL: 0.0883, weight density: 0.1792, edge density: 1.0000
 11%|██████████▉                                                                                        | 55/500 [07:56<1:04:15,  8.66s/it]Weight pruning epoch 56, discovered circuit accuracy: 0.9400, complementary circuit accuracy: 0.2550, KL: 0.0837, weight density: 0.1724, edge density: 1.0000
 11%|███████████                                                                                        | 56/500 [08:05<1:04:03,  8.66s/it]Weight pruning epoch 57, discovered circuit accuracy: 0.9450, complementary circuit accuracy: 0.2450, KL: 0.0873, weight density: 0.1674, edge density: 1.0000
 11%|███████████▎                                                                                       | 57/500 [08:13<1:04:03,  8.68s/it]Weight pruning epoch 58, discovered circuit accuracy: 0.9400, complementary circuit accuracy: 0.3900, KL: 0.0967, weight density: 0.1618, edge density: 1.0000
 12%|███████████▍                                                                                       | 58/500 [08:22<1:03:54,  8.68s/it]Weight pruning epoch 59, discovered circuit accuracy: 0.9550, complementary circuit accuracy: 0.2700, KL: 0.0857, weight density: 0.1599, edge density: 1.0000
 12%|███████████▋                                                                                       | 59/500 [08:31<1:03:36,  8.65s/it]Weight pruning epoch 60, discovered circuit accuracy: 0.9450, complementary circuit accuracy: 0.2500, KL: 0.0946, weight density: 0.1569, edge density: 1.0000
 12%|███████████▉                                                                                       | 60/500 [08:39<1:03:49,  8.70s/it]Weight pruning epoch 61, discovered circuit accuracy: 0.9550, complementary circuit accuracy: 0.2500, KL: 0.0767, weight density: 0.1551, edge density: 1.0000
 12%|████████████                                                                                       | 61/500 [08:48<1:03:34,  8.69s/it]Weight pruning epoch 62, discovered circuit accuracy: 0.9400, complementary circuit accuracy: 0.3100, KL: 0.1061, weight density: 0.1528, edge density: 1.0000
 12%|████████████▎                                                                                      | 62/500 [08:57<1:03:37,  8.72s/it]Weight pruning epoch 63, discovered circuit accuracy: 0.9600, complementary circuit accuracy: 0.3100, KL: 0.0846, weight density: 0.1501, edge density: 1.0000
 13%|████████████▍                                                                                      | 63/500 [09:05<1:03:28,  8.72s/it]Weight pruning epoch 64, discovered circuit accuracy: 0.9350, complementary circuit accuracy: 0.2500, KL: 0.0817, weight density: 0.1473, edge density: 1.0000
 13%|████████████▋                                                                                      | 64/500 [09:14<1:03:04,  8.68s/it]Weight pruning epoch 65, discovered circuit accuracy: 0.9500, complementary circuit accuracy: 0.3900, KL: 0.0845, weight density: 0.1450, edge density: 1.0000
 13%|████████████▊                                                                                      | 65/500 [09:23<1:03:11,  8.71s/it]Weight pruning epoch 66, discovered circuit accuracy: 0.9450, complementary circuit accuracy: 0.3350, KL: 0.0864, weight density: 0.1405, edge density: 1.0000
 13%|█████████████                                                                                      | 66/500 [09:32<1:02:51,  8.69s/it]Weight pruning epoch 67, discovered circuit accuracy: 0.9600, complementary circuit accuracy: 0.6050, KL: 0.0804, weight density: 0.1367, edge density: 1.0000
 13%|█████████████▎                                                                                     | 67/500 [09:40<1:02:48,  8.70s/it]Weight pruning epoch 68, discovered circuit accuracy: 0.9650, complementary circuit accuracy: 0.2800, KL: 0.0798, weight density: 0.1351, edge density: 1.0000
 14%|█████████████▍                                                                                     | 68/500 [09:49<1:02:32,  8.69s/it]Weight pruning epoch 69, discovered circuit accuracy: 0.9450, complementary circuit accuracy: 0.3100, KL: 0.0966, weight density: 0.1327, edge density: 1.0000
 14%|█████████████▋                                                                                     | 69/500 [09:58<1:02:24,  8.69s/it]Weight pruning epoch 70, discovered circuit accuracy: 0.9500, complementary circuit accuracy: 0.2350, KL: 0.0851, weight density: 0.1317, edge density: 1.0000
 14%|█████████████▊                                                                                     | 70/500 [10:06<1:02:29,  8.72s/it]Weight pruning epoch 71, discovered circuit accuracy: 0.9500, complementary circuit accuracy: 0.2300, KL: 0.0851, weight density: 0.1310, edge density: 1.0000
 14%|██████████████                                                                                     | 71/500 [10:15<1:02:16,  8.71s/it]Weight pruning epoch 72, discovered circuit accuracy: 0.9500, complementary circuit accuracy: 0.3100, KL: 0.0828, weight density: 0.1274, edge density: 1.0000
 14%|██████████████▎                                                                                    | 72/500 [10:24<1:02:04,  8.70s/it]Weight pruning epoch 73, discovered circuit accuracy: 0.9550, complementary circuit accuracy: 0.2400, KL: 0.0904, weight density: 0.1236, edge density: 1.0000
 15%|██████████████▍                                                                                    | 73/500 [10:32<1:01:49,  8.69s/it]Weight pruning epoch 74, discovered circuit accuracy: 0.9350, complementary circuit accuracy: 0.3100, KL: 0.0950, weight density: 0.1236, edge density: 1.0000
 15%|██████████████▋                                                                                    | 74/500 [10:41<1:01:38,  8.68s/it]Weight pruning epoch 75, discovered circuit accuracy: 0.9550, complementary circuit accuracy: 0.6900, KL: 0.0844, weight density: 0.1238, edge density: 1.0000
 15%|██████████████▊                                                                                    | 75/500 [10:50<1:01:45,  8.72s/it]Weight pruning epoch 76, discovered circuit accuracy: 0.9450, complementary circuit accuracy: 0.2500, KL: 0.0897, weight density: 0.1218, edge density: 1.0000
 15%|███████████████                                                                                    | 76/500 [10:59<1:01:27,  8.70s/it]Weight pruning epoch 77, discovered circuit accuracy: 0.9550, complementary circuit accuracy: 0.1950, KL: 0.0853, weight density: 0.1187, edge density: 1.0000
 15%|███████████████▏                                                                                   | 77/500 [11:07<1:01:29,  8.72s/it]Weight pruning epoch 78, discovered circuit accuracy: 0.9400, complementary circuit accuracy: 0.3900, KL: 0.0953, weight density: 0.1190, edge density: 1.0000
 16%|███████████████▍                                                                                   | 78/500 [11:16<1:01:09,  8.69s/it]Weight pruning epoch 79, discovered circuit accuracy: 0.9400, complementary circuit accuracy: 0.6750, KL: 0.0939, weight density: 0.1175, edge density: 1.0000
 16%|███████████████▋                                                                                   | 79/500 [11:25<1:01:10,  8.72s/it]Weight pruning epoch 80, discovered circuit accuracy: 0.9500, complementary circuit accuracy: 0.3750, KL: 0.0845, weight density: 0.1174, edge density: 1.0000
 16%|███████████████▊                                                                                   | 80/500 [11:33<1:00:46,  8.68s/it]Weight pruning epoch 81, discovered circuit accuracy: 0.9450, complementary circuit accuracy: 0.3300, KL: 0.0847, weight density: 0.1145, edge density: 1.0000
 16%|████████████████                                                                                   | 81/500 [11:42<1:00:42,  8.69s/it]Weight pruning epoch 82, discovered circuit accuracy: 0.9450, complementary circuit accuracy: 0.2500, KL: 0.0875, weight density: 0.1117, edge density: 1.0000
 16%|████████████████▏                                                                                  | 82/500 [11:51<1:00:26,  8.68s/it]Weight pruning epoch 83, discovered circuit accuracy: 0.9550, complementary circuit accuracy: 0.2500, KL: 0.0826, weight density: 0.1117, edge density: 1.0000
 17%|████████████████▍                                                                                  | 83/500 [11:59<1:00:20,  8.68s/it]Weight pruning epoch 84, discovered circuit accuracy: 0.9450, complementary circuit accuracy: 0.2450, KL: 0.0904, weight density: 0.1105, edge density: 1.0000
 17%|████████████████▋                                                                                  | 84/500 [12:08<1:00:08,  8.67s/it]Weight pruning epoch 85, discovered circuit accuracy: 0.9400, complementary circuit accuracy: 0.3900, KL: 0.0887, weight density: 0.1079, edge density: 1.0000
 17%|█████████████████▏                                                                                   | 85/500 [12:17<59:48,  8.65s/it]Weight pruning epoch 86, discovered circuit accuracy: 0.9450, complementary circuit accuracy: 0.2500, KL: 0.0856, weight density: 0.1035, edge density: 1.0000
 17%|█████████████████▎                                                                                   | 86/500 [12:25<59:44,  8.66s/it]Weight pruning epoch 87, discovered circuit accuracy: 0.9500, complementary circuit accuracy: 0.6850, KL: 0.0820, weight density: 0.1015, edge density: 1.0000
 17%|█████████████████▌                                                                                   | 87/500 [12:34<59:31,  8.65s/it]Weight pruning epoch 88, discovered circuit accuracy: 0.9300, complementary circuit accuracy: 0.3750, KL: 0.0998, weight density: 0.0996, edge density: 1.0000
 18%|█████████████████▊                                                                                   | 88/500 [12:43<59:32,  8.67s/it]Weight pruning epoch 89, discovered circuit accuracy: 0.9400, complementary circuit accuracy: 0.3850, KL: 0.0956, weight density: 0.0964, edge density: 1.0000
 18%|█████████████████▉                                                                                   | 89/500 [12:51<59:15,  8.65s/it]Weight pruning epoch 90, discovered circuit accuracy: 0.9250, complementary circuit accuracy: 0.6550, KL: 0.0936, weight density: 0.0948, edge density: 1.0000
 18%|██████████████████▏                                                                                  | 90/500 [13:00<59:22,  8.69s/it]Weight pruning epoch 91, discovered circuit accuracy: 0.9400, complementary circuit accuracy: 0.2500, KL: 0.0872, weight density: 0.0955, edge density: 1.0000
 18%|██████████████████▍                                                                                  | 91/500 [13:09<59:02,  8.66s/it]Weight pruning epoch 92, discovered circuit accuracy: 0.9500, complementary circuit accuracy: 0.3400, KL: 0.0838, weight density: 0.0949, edge density: 1.0000
 18%|██████████████████▌                                                                                  | 92/500 [13:17<58:56,  8.67s/it]Weight pruning epoch 93, discovered circuit accuracy: 0.9500, complementary circuit accuracy: 0.3350, KL: 0.0826, weight density: 0.0926, edge density: 1.0000
 19%|██████████████████▊                                                                                  | 93/500 [13:26<58:48,  8.67s/it]Weight pruning epoch 94, discovered circuit accuracy: 0.9500, complementary circuit accuracy: 0.2500, KL: 0.0819, weight density: 0.0929, edge density: 1.0000
 19%|██████████████████▉                                                                                  | 94/500 [13:35<58:28,  8.64s/itWeight pruning epoch 95, discovered circuit accuracy: 0.9500, complementary circuit accuracy: 0.2500, KL: 0.0817, weight density: 0.0905, edge density: 1.0000
 19%|███████████████████▏                                                                                 | 95/500 [13:43<58:19,  8.64s/it]Weight pruning epoch 96, discovered circuit accuracy: 0.9500, complementary circuit accuracy: 0.2500, KL: 0.0815, weight density: 0.0901, edge density: 1.0000
 19%|███████████████████▍                                                                                 | 96/500 [13:52<58:22,  8.67s/it]Weight pruning epoch 97, discovered circuit accuracy: 0.9050, complementary circuit accuracy: 0.2850, KL: 0.1191, weight density: 0.0885, edge density: 1.0000
 19%|███████████████████▌                                                                                 | 97/500 [14:01<58:08,  8.66s/it]Weight pruning epoch 98, discovered circuit accuracy: 0.9300, complementary circuit accuracy: 0.3850, KL: 0.0917, weight density: 0.0897, edge density: 1.0000
 20%|███████████████████▊                                                                                 | 98/500 [14:09<58:00,  8.66s/it]Weight pruning epoch 99, discovered circuit accuracy: 0.9250, complementary circuit accuracy: 0.2500, KL: 0.0944, weight density: 0.0877, edge density: 1.0000
 20%|███████████████████▉                                                                                 | 99/500 [14:18<57:50,  8.65s/it]Weight pruning epoch 100, discovered circuit accuracy: 0.9400, complementary circuit accuracy: 0.3100, KL: 0.0860, weight density: 0.0841, edge density: 1.0000
 20%|████████████████████                                                                                | 100/500 [14:27<57:52,  8.68s/it]Weight pruning epoch 101, discovered circuit accuracy: 0.9500, complementary circuit accuracy: 0.2650, KL: 0.0862, weight density: 0.0822, edge density: 1.0000
 20%|████████████████████▏                                                                               | 101/500 [14:35<57:45,  8.68s/it]Weight pruning epoch 102, discovered circuit accuracy: 0.9500, complementary circuit accuracy: 0.2500, KL: 0.0774, weight density: 0.0824, edge density: 1.0000
 20%|████████████████████▍                                                                               | 102/500 [14:44<57:33,  8.68s/it]Weight pruning epoch 103, discovered circuit accuracy: 0.9450, complementary circuit accuracy: 0.2500, KL: 0.0855, weight density: 0.0819, edge density: 1.0000
 21%|████████████████████▌                                                                               | 103/500 [14:53<57:27,  8.68s/it]Weight pruning epoch 104, discovered circuit accuracy: 0.9500, complementary circuit accuracy: 0.3750, KL: 0.0793, weight density: 0.0812, edge density: 1.0000
 21%|████████████████████▊                                                                               | 104/500 [15:01<57:13,  8.67s/it]Weight pruning epoch 105, discovered circuit accuracy: 0.9500, complementary circuit accuracy: 0.4000, KL: 0.0815, weight density: 0.0785, edge density: 1.0000
 21%|█████████████████████                                                                               | 105/500 [15:10<56:53,  8.64s/it]Weight pruning epoch 106, discovered circuit accuracy: 0.9400, complementary circuit accuracy: 0.2500, KL: 0.0789, weight density: 0.0764, edge density: 1.0000
 21%|█████████████████████▏                                                                              | 106/500 [15:19<56:50,  8.65s/it]Weight pruning epoch 107, discovered circuit accuracy: 0.9450, complementary circuit accuracy: 0.3900, KL: 0.0825, weight density: 0.0752, edge density: 1.0000
 21%|█████████████████████▍                                                                              | 107/500 [15:27<56:37,  8.64s/it]Weight pruning epoch 108, discovered circuit accuracy: 0.9500, complementary circuit accuracy: 0.3900, KL: 0.0827, weight density: 0.0717, edge density: 1.0000
 22%|█████████████████████▌                                                                              | 108/500 [15:36<56:30,  8.65s/it]Weight pruning epoch 109, discovered circuit accuracy: 0.9350, complementary circuit accuracy: 0.3900, KL: 0.0902, weight density: 0.0701, edge density: 1.0000
 22%|█████████████████████▊                                                                              | 109/500 [15:44<56:23,  8.65s/it]Weight pruning epoch 110, discovered circuit accuracy: 0.9350, complementary circuit accuracy: 0.3900, KL: 0.0836, weight density: 0.0727, edge density: 1.0000
 22%|██████████████████████                                                                              | 110/500 [15:53<56:22,  8.67s/it]Weight pruning epoch 111, discovered circuit accuracy: 0.9150, complementary circuit accuracy: 0.3200, KL: 0.1124, weight density: 0.0733, edge density: 1.0000
 22%|██████████████████████▏                                                                             | 111/500 [16:02<56:13,  8.67s/it]Weight pruning epoch 112, discovered circuit accuracy: 0.9400, complementary circuit accuracy: 0.2500, KL: 0.0838, weight density: 0.0748, edge density: 1.0000
 22%|██████████████████████▍                                                                             | 112/500 [16:11<55:59,  8.66s/it]Weight pruning epoch 113, discovered circuit accuracy: 0.9350, complementary circuit accuracy: 0.2500, KL: 0.0944, weight density: 0.0737, edge density: 1.0000
 23%|██████████████████████▌                                                                             | 113/500 [16:19<55:58,  8.68s/it]Weight pruning epoch 114, discovered circuit accuracy: 0.9400, complementary circuit accuracy: 0.5050, KL: 0.0913, weight density: 0.0742, edge density: 1.0000
 23%|██████████████████████▊                                                                             | 114/500 [16:28<55:46,  8.67s/it]Weight pruning epoch 115, discovered circuit accuracy: 0.9500, complementary circuit accuracy: 0.2750, KL: 0.0797, weight density: 0.0747, edge density: 1.0000
 23%|███████████████████████                                                                             | 115/500 [16:37<55:32,  8.66s/it]Weight pruning epoch 116, discovered circuit accuracy: 0.9500, complementary circuit accuracy: 0.3900, KL: 0.0800, weight density: 0.0736, edge density: 1.0000
 23%|███████████████████████▏                                                                            | 116/500 [16:45<55:15,  8.63s/it]Weight pruning epoch 117, discovered circuit accuracy: 0.9200, complementary circuit accuracy: 0.3900, KL: 0.0993, weight density: 0.0741, edge density: 1.0000
 23%|███████████████████████▍                                                                            | 117/500 [16:54<55:18,  8.66s/it]Weight pruning epoch 118, discovered circuit accuracy: 0.9550, complementary circuit accuracy: 0.3900, KL: 0.0788, weight density: 0.0725, edge density: 1.0000
 24%|███████████████████████▌                                                                            | 118/500 [17:02<55:06,  8.65s/it]Weight pruning epoch 119, discovered circuit accuracy: 0.9450, complementary circuit accuracy: 0.2500, KL: 0.0904, weight density: 0.0708, edge density: 1.0000
 24%|███████████████████████▊                                                                            | 119/500 [17:11<55:04,  8.67s/it]Weight pruning epoch 120, discovered circuit accuracy: 0.9450, complementary circuit accuracy: 0.3900, KL: 0.0926, weight density: 0.0702, edge density: 1.0000
 24%|████████████████████████                                                                            | 120/500 [17:20<54:53,  8.67s/it]Weight pruning epoch 121, discovered circuit accuracy: 0.9300, complementary circuit accuracy: 0.2500, KL: 0.0959, weight density: 0.0685, edge density: 1.0000
 24%|████████████████████████▏                                                                           | 121/500 [17:29<54:48,  8.68s/it]Weight pruning epoch 122, discovered circuit accuracy: 0.9500, complementary circuit accuracy: 0.2500, KL: 0.0823, weight density: 0.0671, edge density: 1.0000
 24%|████████████████████████▍                                                                           | 122/500 [17:37<54:33,  8.66s/it]Weight pruning epoch 123, discovered circuit accuracy: 0.9450, complementary circuit accuracy: 0.2500, KL: 0.0925, weight density: 0.0660, edge density: 1.0000
 25%|████████████████████████▌                                                                           | 123/500 [17:46<54:23,  8.66s/it]Weight pruning epoch 124, discovered circuit accuracy: 0.9350, complementary circuit accuracy: 0.2500, KL: 0.0890, weight density: 0.0661, edge density: 1.0000
 25%|████████████████████████▊                                                                           | 124/500 [17:54<54:06,  8.63s/it]Weight pruning epoch 125, discovered circuit accuracy: 0.9500, complementary circuit accuracy: 0.2500, KL: 0.0855, weight density: 0.0657, edge density: 1.0000
 25%|█████████████████████████                                                                           | 125/500 [18:03<53:58,  8.64s/it]Weight pruning epoch 126, discovered circuit accuracy: 0.9550, complementary circuit accuracy: 0.2500, KL: 0.0775, weight density: 0.0663, edge density: 1.0000
 25%|█████████████████████████▏                                                                          | 126/500 [18:12<53:49,  8.64s/it]Weight pruning epoch 127, discovered circuit accuracy: 0.9500, complementary circuit accuracy: 0.2500, KL: 0.0814, weight density: 0.0671, edge density: 1.0000
 25%|█████████████████████████▍                                                                          | 127/500 [18:20<53:42,  8.64s/it]Weight pruning epoch 128, discovered circuit accuracy: 0.9500, complementary circuit accuracy: 0.3900, KL: 0.0852, weight density: 0.0648, edge density: 1.0000
 26%|█████████████████████████▌                                                                          | 128/500 [18:29<53:29,  8.63s/it]Weight pruning epoch 129, discovered circuit accuracy: 0.9500, complementary circuit accuracy: 0.2500, KL: 0.0769, weight density: 0.0641, edge density: 1.0000
 26%|█████████████████████████▊                                                                          | 129/500 [18:38<53:21,  8.63s/it]Weight pruning epoch 130, discovered circuit accuracy: 0.9450, complementary circuit accuracy: 0.3300, KL: 0.0840, weight density: 0.0650, edge density: 1.0000
 26%|██████████████████████████                                                                          | 130/500 [18:46<53:11,  8.63s/it]Weight pruning epoch 131, discovered circuit accuracy: 0.9500, complementary circuit accuracy: 0.3900, KL: 0.0852, weight density: 0.0648, edge density: 1.0000
 26%|██████████████████████████▏                                                                         | 131/500 [18:55<53:06,  8.64s/it]Weight pruning epoch 132, discovered circuit accuracy: 0.9450, complementary circuit accuracy: 0.2500, KL: 0.0836, weight density: 0.0633, edge density: 1.0000
 26%|██████████████████████████▍                                                                         | 132/500 [19:03<52:55,  8.63s/it]Weight pruning epoch 133, discovered circuit accuracy: 0.9600, complementary circuit accuracy: 0.2500, KL: 0.0739, weight density: 0.0624, edge density: 1.0000
 27%|██████████████████████████▌                                                                         | 133/500 [19:12<52:54,  8.65s/it]Weight pruning epoch 134, discovered circuit accuracy: 0.9550, complementary circuit accuracy: 0.2500, KL: 0.0660, weight density: 0.0609, edge density: 1.0000
 27%|██████████████████████████▊                                                                         | 134/500 [19:21<52:46,  8.65s/it]Weight pruning epoch 135, discovered circuit accuracy: 0.9550, complementary circuit accuracy: 0.3100, KL: 0.0713, weight density: 0.0582, edge density: 1.0000
 27%|███████████████████████████                                                                         | 135/500 [19:29<52:36,  8.65s/it]Weight pruning epoch 136, discovered circuit accuracy: 0.9200, complementary circuit accuracy: 0.2550, KL: 0.1022, weight density: 0.0573, edge density: 1.0000
 27%|███████████████████████████▏                                                                        | 136/500 [19:38<52:21,  8.63s/it]Weight pruning epoch 137, discovered circuit accuracy: 0.9600, complementary circuit accuracy: 0.2750, KL: 0.0786, weight density: 0.0582, edge density: 1.0000
 27%|███████████████████████████▍                                                                        | 137/500 [19:47<52:12,  8.63s/it]Weight pruning epoch 138, discovered circuit accuracy: 0.9500, complementary circuit accuracy: 0.2700, KL: 0.0996, weight density: 0.0567, edge density: 1.0000
 28%|███████████████████████████▌                                                                        | 138/500 [19:55<52:04,  8.63s/it]Weight pruning epoch 139, discovered circuit accuracy: 0.9200, complementary circuit accuracy: 0.2550, KL: 0.1010, weight density: 0.0573, edge density: 1.0000
 28%|███████████████████████████▊                                                                        | 139/500 [20:04<51:59,  8.64s/it]Weight pruning epoch 140, discovered circuit accuracy: 0.9400, complementary circuit accuracy: 0.2500, KL: 0.0805, weight density: 0.0565, edge density: 1.0000
 28%|████████████████████████████                                                                        | 140/500 [20:13<51:57,  8.66s/it]Weight pruning epoch 141, discovered circuit accuracy: 0.9450, complementary circuit accuracy: 0.2550, KL: 0.0860, weight density: 0.0548, edge density: 1.0000
 28%|████████████████████████████▏                                                                       | 141/500 [20:21<51:45,  8.65s/it]Weight pruning epoch 142, discovered circuit accuracy: 0.9400, complementary circuit accuracy: 0.2500, KL: 0.0872, weight density: 0.0528, edge density: 1.0000
 28%|████████████████████████████▍                                                                       | 142/500 [20:30<51:38,  8.66s/it]Weight pruning epoch 143, discovered circuit accuracy: 0.9550, complementary circuit accuracy: 0.3000, KL: 0.0803, weight density: 0.0517, edge density: 1.0000
 29%|████████████████████████████▌                                                                       | 143/500 [20:39<51:26,  8.65s/it]Weight pruning epoch 144, discovered circuit accuracy: 0.9500, complementary circuit accuracy: 0.3100, KL: 0.0817, weight density: 0.0513, edge density: 1.0000
 29%|████████████████████████████▊                                                                       | 144/500 [20:47<51:26,  8.67s/it]Weight pruning epoch 145, discovered circuit accuracy: 0.9500, complementary circuit accuracy: 0.2900, KL: 0.0935, weight density: 0.0505, edge density: 1.0000
 29%|████████████████████████████▉                                                                       | 145/500 [20:56<51:13,  8.66s/it]Weight pruning epoch 146, discovered circuit accuracy: 0.9500, complementary circuit accuracy: 0.2500, KL: 0.0841, weight density: 0.0509, edge density: 1.0000
 29%|█████████████████████████████▏                                                                      | 146/500 [21:05<51:03,  8.66s/it]Weight pruning epoch 147, discovered circuit accuracy: 0.9350, complementary circuit accuracy: 0.2650, KL: 0.0897, weight density: 0.0502, edge density: 1.0000
 29%|█████████████████████████████▍                                                                      | 147/500 [21:13<50:52,  8.65s/it]Weight pruning epoch 148, discovered circuit accuracy: 0.9500, complementary circuit accuracy: 0.2650, KL: 0.0864, weight density: 0.0501, edge density: 1.0000
 30%|█████████████████████████████▌                                                                      | 148/500 [21:22<50:42,  8.64s/it]Weight pruning epoch 149, discovered circuit accuracy: 0.9500, complementary circuit accuracy: 0.3100, KL: 0.0892, weight density: 0.0487, edge density: 1.0000
 30%|█████████████████████████████▊                                                                      | 149/500 [21:30<50:28,  8.63s/it]Weight pruning epoch 150, discovered circuit accuracy: 0.9500, complementary circuit accuracy: 0.2500, KL: 0.0880, weight density: 0.0469, edge density: 1.0000
 30%|██████████████████████████████                                                                      | 150/500 [21:39<50:31,  8.66s/it]Weight pruning epoch 151, discovered circuit accuracy: 0.9200, complementary circuit accuracy: 0.2500, KL: 0.1036, weight density: 0.0458, edge density: 1.0000
 30%|██████████████████████████████▏                                                                     | 151/500 [21:48<50:20,  8.65s/it]Weight pruning epoch 152, discovered circuit accuracy: 0.9350, complementary circuit accuracy: 0.3850, KL: 0.0885, weight density: 0.0465, edge density: 1.0000
 30%|██████████████████████████████▍                                                                     | 152/500 [21:56<50:15,  8.67s/it]Weight pruning epoch 153, discovered circuit accuracy: 0.9250, complementary circuit accuracy: 0.2500, KL: 0.1069, weight density: 0.0456, edge density: 1.0000
 31%|██████████████████████████████▌                                                                     | 153/500 [22:05<50:03,  8.66s/it]Weight pruning epoch 154, discovered circuit accuracy: 0.9450, complementary circuit accuracy: 0.2500, KL: 0.0938, weight density: 0.0460, edge density: 1.0000
 31%|██████████████████████████████▊                                                                     | 154/500 [22:14<50:00,  8.67s/it]Weight pruning epoch 155, discovered circuit accuracy: 0.9350, complementary circuit accuracy: 0.3300, KL: 0.0993, weight density: 0.0457, edge density: 1.0000
 31%|███████████████████████████████                                                                     | 155/500 [22:22<49:49,  8.67s/it]Weight pruning epoch 156, discovered circuit accuracy: 0.9350, complementary circuit accuracy: 0.3700, KL: 0.1018, weight density: 0.0457, edge density: 1.0000
 31%|███████████████████████████████▏                                                                    | 156/500 [22:31<49:36,  8.65s/it]Weight pruning epoch 157, discovered circuit accuracy: 0.9200, complementary circuit accuracy: 0.2500, KL: 0.0942, weight density: 0.0458, edge density: 1.0000
 31%|███████████████████████████████▍                                                                    | 157/500 [22:40<49:20,  8.63s/it]Weight pruning epoch 158, discovered circuit accuracy: 0.9350, complementary circuit accuracy: 0.2500, KL: 0.0961, weight density: 0.0458, edge density: 1.0000
 32%|███████████████████████████████▌                                                                    | 158/500 [22:48<49:17,  8.65s/it]Weight pruning epoch 159, discovered circuit accuracy: 0.9200, complementary circuit accuracy: 0.2650, KL: 0.0887, weight density: 0.0454, edge density: 1.0000
 32%|███████████████████████████████▊                                                                    | 159/500 [22:57<49:03,  8.63s/it]Weight pruning epoch 160, discovered circuit accuracy: 0.9400, complementary circuit accuracy: 0.3900, KL: 0.0838, weight density: 0.0441, edge density: 1.0000
 32%|████████████████████████████████                                                                    | 160/500 [23:06<49:00,  8.65s/it]Weight pruning epoch 161, discovered circuit accuracy: 0.9500, complementary circuit accuracy: 0.3900, KL: 0.0803, weight density: 0.0445, edge density: 1.0000
 32%|████████████████████████████████▏                                                                   | 161/500 [23:14<48:45,  8.63s/it]Weight pruning epoch 162, discovered circuit accuracy: 0.9500, complementary circuit accuracy: 0.2450, KL: 0.0784, weight density: 0.0434, edge density: 1.0000
 32%|████████████████████████████████▍                                                                   | 162/500 [23:23<48:41,  8.64s/it]Weight pruning epoch 163, discovered circuit accuracy: 0.9300, complementary circuit accuracy: 0.2550, KL: 0.0829, weight density: 0.0427, edge density: 1.0000
 33%|████████████████████████████████▌                                                                   | 163/500 [23:32<48:34,  8.65s/it]Weight pruning epoch 164, discovered circuit accuracy: 0.9550, complementary circuit accuracy: 0.3400, KL: 0.0792, weight density: 0.0418, edge density: 1.0000
 33%|████████████████████████████████▊                                                                   | 164/500 [23:41<49:04,  8.76s/it]Weight pruning epoch 165, discovered circuit accuracy: 0.9450, complementary circuit accuracy: 0.2500, KL: 0.0747, weight density: 0.0422, edge density: 1.0000
 33%|█████████████████████████████████                                                                   | 165/500 [23:49<48:45,  8.73s/it]Weight pruning epoch 166, discovered circuit accuracy: 0.9400, complementary circuit accuracy: 0.4050, KL: 0.0917, weight density: 0.0433, edge density: 1.0000
 33%|█████████████████████████████████▏                                                                  | 166/500 [23:58<48:27,  8.71s/it]Weight pruning epoch 167, discovered circuit accuracy: 0.9350, complementary circuit accuracy: 0.5800, KL: 0.0857, weight density: 0.0429, edge density: 1.0000
 33%|█████████████████████████████████▍                                                                  | 167/500 [24:07<48:10,  8.68s/it]Weight pruning epoch 168, discovered circuit accuracy: 0.9400, complementary circuit accuracy: 0.2900, KL: 0.0870, weight density: 0.0413, edge density: 1.0000
 34%|█████████████████████████████████▌                                                                  | 168/500 [24:15<47:53,  8.65s/it]Weight pruning epoch 169, discovered circuit accuracy: 0.9350, complementary circuit accuracy: 0.2550, KL: 0.0870, weight density: 0.0406, edge density: 1.0000
 34%|█████████████████████████████████▊                                                                  | 169/500 [24:24<47:48,  8.67s/it]Weight pruning epoch 170, discovered circuit accuracy: 0.9150, complementary circuit accuracy: 0.3200, KL: 0.1089, weight density: 0.0404, edge density: 1.0000
 34%|██████████████████████████████████                                                                  | 170/500 [24:32<47:34,  8.65s/it]Weight pruning epoch 171, discovered circuit accuracy: 0.9350, complementary circuit accuracy: 0.3050, KL: 0.0828, weight density: 0.0409, edge density: 1.0000
 34%|██████████████████████████████████▏                                                                 | 171/500 [24:41<47:27,  8.65s/it]Weight pruning epoch 172, discovered circuit accuracy: 0.9350, complementary circuit accuracy: 0.2500, KL: 0.0908, weight density: 0.0407, edge density: 1.0000
 34%|██████████████████████████████████▍                                                                 | 172/500 [24:50<47:16,  8.65s/it]Weight pruning epoch 173, discovered circuit accuracy: 0.9150, complementary circuit accuracy: 0.2500, KL: 0.0871, weight density: 0.0403, edge density: 1.0000
 35%|██████████████████████████████████▌                                                                 | 173/500 [24:58<47:11,  8.66s/it]Weight pruning epoch 174, discovered circuit accuracy: 0.9400, complementary circuit accuracy: 0.2500, KL: 0.0914, weight density: 0.0403, edge density: 1.0000
 35%|██████████████████████████████████▊                                                                 | 174/500 [25:07<47:14,  8.70s/it]Weight pruning epoch 175, discovered circuit accuracy: 0.9350, complementary circuit accuracy: 0.2500, KL: 0.0898, weight density: 0.0400, edge density: 1.0000
 35%|███████████████████████████████████                                                                 | 175/500 [25:16<46:59,  8.67s/it]Weight pruning epoch 176, discovered circuit accuracy: 0.9350, complementary circuit accuracy: 0.3200, KL: 0.0925, weight density: 0.0391, edge density: 1.0000
 35%|███████████████████████████████████▏                                                                | 176/500 [25:24<46:48,  8.67s/it]Weight pruning epoch 177, discovered circuit accuracy: 0.9450, complementary circuit accuracy: 0.2500, KL: 0.0855, weight density: 0.0384, edge density: 1.0000
 35%|███████████████████████████████████▍                                                                | 177/500 [25:33<46:40,  8.67s/it]Weight pruning epoch 178, discovered circuit accuracy: 0.9500, complementary circuit accuracy: 0.2500, KL: 0.0947, weight density: 0.0381, edge density: 1.0000
 36%|███████████████████████████████████▌                                                                | 178/500 [25:42<46:40,  8.70s/it]Weight pruning epoch 179, discovered circuit accuracy: 0.9500, complementary circuit accuracy: 0.2500, KL: 0.0798, weight density: 0.0383, edge density: 1.0000
 36%|███████████████████████████████████▊                                                                | 179/500 [25:51<46:22,  8.67s/it]Weight pruning epoch 180, discovered circuit accuracy: 0.9300, complementary circuit accuracy: 0.2900, KL: 0.0889, weight density: 0.0379, edge density: 1.0000
 36%|████████████████████████████████████                                                                | 180/500 [25:59<46:20,  8.69s/it]Weight pruning epoch 181, discovered circuit accuracy: 0.9350, complementary circuit accuracy: 0.2500, KL: 0.0918, weight density: 0.0371, edge density: 1.0000
 36%|████████████████████████████████████▏                                                               | 181/500 [26:08<46:02,  8.66s/it]Weight pruning epoch 182, discovered circuit accuracy: 0.9500, complementary circuit accuracy: 0.2500, KL: 0.0849, weight density: 0.0366, edge density: 1.0000
 36%|████████████████████████████████████▍                                                               | 182/500 [26:17<46:00,  8.68s/it]Weight pruning epoch 183, discovered circuit accuracy: 0.9400, complementary circuit accuracy: 0.2500, KL: 0.0843, weight density: 0.0361, edge density: 1.0000
 37%|████████████████████████████████████▌                                                               | 183/500 [26:25<45:42,  8.65s/it]Weight pruning epoch 184, discovered circuit accuracy: 0.9400, complementary circuit accuracy: 0.2500, KL: 0.0837, weight density: 0.0372, edge density: 1.0000
 37%|████████████████████████████████████▊                                                               | 184/500 [26:34<45:35,  8.66s/it]Weight pruning epoch 185, discovered circuit accuracy: 0.9400, complementary circuit accuracy: 0.2500, KL: 0.0880, weight density: 0.0372, edge density: 1.0000
 37%|█████████████████████████████████████                                                               | 185/500 [26:42<45:23,  8.65s/it]Weight pruning epoch 186, discovered circuit accuracy: 0.9450, complementary circuit accuracy: 0.2500, KL: 0.0863, weight density: 0.0363, edge density: 1.0000
 37%|█████████████████████████████████████▏                                                              | 186/500 [26:51<45:10,  8.63s/it]Weight pruning epoch 187, discovered circuit accuracy: 0.9450, complementary circuit accuracy: 0.2550, KL: 0.0837, weight density: 0.0361, edge density: 1.0000
 37%|█████████████████████████████████████▍                                                              | 187/500 [27:00<45:07,  8.65s/it]Weight pruning epoch 188, discovered circuit accuracy: 0.9500, complementary circuit accuracy: 0.2500, KL: 0.0823, weight density: 0.0352, edge density: 1.0000
 38%|█████████████████████████████████████▌                                                              | 188/500 [27:08<44:54,  8.64s/it]Weight pruning epoch 189, discovered circuit accuracy: 0.9500, complementary circuit accuracy: 0.3600, KL: 0.0731, weight density: 0.0363, edge density: 1.0000
 38%|█████████████████████████████████████▊                                                              | 189/500 [27:17<44:45,  8.64s/it]Weight pruning epoch 190, discovered circuit accuracy: 0.9050, complementary circuit accuracy: 0.3900, KL: 0.0871, weight density: 0.0364, edge density: 1.0000
 38%|██████████████████████████████████████                                                              | 190/500 [27:26<44:41,  8.65s/it]Weight pruning epoch 191, discovered circuit accuracy: 0.9550, complementary circuit accuracy: 0.3500, KL: 0.0764, weight density: 0.0365, edge density: 1.0000
 38%|██████████████████████████████████████▏                                                             | 191/500 [27:35<45:11,  8.77s/it]Weight pruning epoch 192, discovered circuit accuracy: 0.9550, complementary circuit accuracy: 0.3900, KL: 0.0756, weight density: 0.0359, edge density: 1.0000
 38%|██████████████████████████████████████▍                                                             | 192/500 [27:45<47:01,  9.16s/it]Weight pruning epoch 193, discovered circuit accuracy: 0.9550, complementary circuit accuracy: 0.3900, KL: 0.0778, weight density: 0.0354, edge density: 1.0000
 39%|██████████████████████████████████████▌                                                             | 193/500 [27:54<46:47,  9.15s/it]Weight pruning epoch 194, discovered circuit accuracy: 0.9500, complementary circuit accuracy: 0.2500, KL: 0.0811, weight density: 0.0345, edge density: 1.0000
 39%|██████████████████████████████████████▊                                                             | 194/500 [28:03<46:01,  9.02s/it]Weight pruning epoch 195, discovered circuit accuracy: 0.9500, complementary circuit accuracy: 0.2500, KL: 0.0829, weight density: 0.0347, edge density: 1.0000
 39%|███████████████████████████████████████                                                             | 195/500 [28:11<45:18,  8.91s/it]Weight pruning epoch 196, discovered circuit accuracy: 0.9500, complementary circuit accuracy: 0.2500, KL: 0.0782, weight density: 0.0355, edge density: 1.0000
 39%|███████████████████████████████████████▏                                                            | 196/500 [28:20<44:57,  8.87s/it]Weight pruning epoch 197, discovered circuit accuracy: 0.9350, complementary circuit accuracy: 0.2700, KL: 0.0928, weight density: 0.0348, edge density: 1.0000
 39%|███████████████████████████████████████▍                                                            | 197/500 [28:29<44:24,  8.79s/it]Weight pruning epoch 198, discovered circuit accuracy: 0.9400, complementary circuit accuracy: 0.2500, KL: 0.0814, weight density: 0.0344, edge density: 1.0000
 40%|███████████████████████████████████████▌                                                            | 198/500 [28:37<44:03,  8.75s/it]Weight pruning epoch 199, discovered circuit accuracy: 0.9550, complementary circuit accuracy: 0.2500, KL: 0.0793, weight density: 0.0338, edge density: 1.0000
 40%|███████████████████████████████████████▊                                                            | 199/500 [28:46<44:18,  8.83s/it]Weight pruning epoch 200, discovered circuit accuracy: 0.9550, complementary circuit accuracy: 0.2500, KL: 0.0776, weight density: 0.0334, edge density: 1.0000
 40%|████████████████████████████████████████                                                            | 200/500 [28:56<44:53,  8.98s/it]Weight pruning epoch 201, discovered circuit accuracy: 0.9450, complementary circuit accuracy: 0.2500, KL: 0.0843, weight density: 0.0324, edge density: 1.0000
 40%|████████████████████████████████████████▏                                                           | 201/500 [29:04<44:10,  8.87s/it]Weight pruning epoch 202, discovered circuit accuracy: 0.9500, complementary circuit accuracy: 0.2500, KL: 0.0786, weight density: 0.0322, edge density: 1.0000
 40%|████████████████████████████████████████▍                                                           | 202/500 [29:13<43:45,  8.81s/it]Weight pruning epoch 203, discovered circuit accuracy: 0.9450, complementary circuit accuracy: 0.2500, KL: 0.0808, weight density: 0.0316, edge density: 1.0000
 41%|████████████████████████████████████████▌                                                           | 203/500 [29:22<43:25,  8.77s/it]Weight pruning epoch 204, discovered circuit accuracy: 0.9450, complementary circuit accuracy: 0.2500, KL: 0.0871, weight density: 0.0324, edge density: 1.0000
 41%|████████████████████████████████████████▊                                                           | 204/500 [29:30<43:11,  8.76s/it]Weight pruning epoch 205, discovered circuit accuracy: 0.9500, complementary circuit accuracy: 0.3900, KL: 0.0767, weight density: 0.0321, edge density: 1.0000
 41%|█████████████████████████████████████████                                                           | 205/500 [29:39<42:53,  8.72s/it]Weight pruning epoch 206, discovered circuit accuracy: 0.9400, complementary circuit accuracy: 0.3750, KL: 0.0854, weight density: 0.0314, edge density: 1.0000
 41%|█████████████████████████████████████████▏                                                          | 206/500 [29:48<42:39,  8.71s/it]Weight pruning epoch 207, discovered circuit accuracy: 0.9450, complementary circuit accuracy: 0.3900, KL: 0.0901, weight density: 0.0318, edge density: 1.0000
 41%|█████████████████████████████████████████▍                                                          | 207/500 [29:56<42:19,  8.67s/it]Weight pruning epoch 208, discovered circuit accuracy: 0.9350, complementary circuit accuracy: 0.3900, KL: 0.0932, weight density: 0.0313, edge density: 1.0000
 42%|█████████████████████████████████████████▌                                                          | 208/500 [30:05<42:11,  8.67s/it]Weight pruning epoch 209, discovered circuit accuracy: 0.9350, complementary circuit accuracy: 0.3900, KL: 0.0788, weight density: 0.0325, edge density: 1.0000
 42%|█████████████████████████████████████████▊                                                          | 209/500 [30:14<42:00,  8.66s/it]Weight pruning epoch 210, discovered circuit accuracy: 0.9050, complementary circuit accuracy: 0.2500, KL: 0.1008, weight density: 0.0316, edge density: 1.0000
 42%|██████████████████████████████████████████                                                          | 210/500 [30:22<41:49,  8.65s/it]Weight pruning epoch 211, discovered circuit accuracy: 0.9550, complementary circuit accuracy: 0.2500, KL: 0.0754, weight density: 0.0308, edge density: 1.0000
 42%|██████████████████████████████████████████▏                                                         | 211/500 [30:32<43:13,  8.97s/it]Weight pruning epoch 212, discovered circuit accuracy: 0.9350, complementary circuit accuracy: 0.2500, KL: 0.0923, weight density: 0.0299, edge density: 1.0000
 42%|██████████████████████████████████████████▍                                                         | 212/500 [30:41<42:33,  8.87s/it]Weight pruning epoch 213, discovered circuit accuracy: 0.9400, complementary circuit accuracy: 0.2500, KL: 0.0848, weight density: 0.0297, edge density: 1.0000
 43%|██████████████████████████████████████████▌                                                         | 213/500 [30:49<42:05,  8.80s/it]Weight pruning epoch 214, discovered circuit accuracy: 0.9400, complementary circuit accuracy: 0.2500, KL: 0.0872, weight density: 0.0300, edge density: 1.0000
 43%|██████████████████████████████████████████▊                                                         | 214/500 [30:58<41:40,  8.74s/it]Weight pruning epoch 215, discovered circuit accuracy: 0.9350, complementary circuit accuracy: 0.2500, KL: 0.0860, weight density: 0.0303, edge density: 1.0000
 43%|███████████████████████████████████████████                                                         | 215/500 [31:07<41:35,  8.76s/it]Weight pruning epoch 216, discovered circuit accuracy: 0.9300, complementary circuit accuracy: 0.2450, KL: 0.0808, weight density: 0.0305, edge density: 1.0000
 43%|███████████████████████████████████████████▏                                                        | 216/500 [31:15<41:17,  8.73s/it]Weight pruning epoch 217, discovered circuit accuracy: 0.9400, complementary circuit accuracy: 0.2750, KL: 0.0946, weight density: 0.0313, edge density: 1.0000
 43%|███████████████████████████████████████████▍                                                        | 217/500 [31:24<41:06,  8.72s/it]Weight pruning epoch 218, discovered circuit accuracy: 0.9200, complementary circuit accuracy: 0.2500, KL: 0.0886, weight density: 0.0317, edge density: 1.0000
 44%|███████████████████████████████████████████▌                                                        | 218/500 [31:33<41:01,  8.73s/it]Weight pruning epoch 219, discovered circuit accuracy: 0.9250, complementary circuit accuracy: 0.2500, KL: 0.0803, weight density: 0.0314, edge density: 1.0000
 44%|███████████████████████████████████████████▊                                                        | 219/500 [31:41<40:45,  8.70s/it]Weight pruning epoch 220, discovered circuit accuracy: 0.9400, complementary circuit accuracy: 0.2500, KL: 0.0731, weight density: 0.0318, edge density: 1.0000
 44%|████████████████████████████████████████████                                                        | 220/500 [31:52<40:34,  8.70s/it]^C